LOGGING STARTED AT: 22-05-2021 20:23:22

22-05-2021 20:23:22 :                GLFW: Initialised GLFW library
22-05-2021 20:23:22 :                GLFW: Setting version to 3.3 core
22-05-2021 20:23:23 :                GLFW: GLFW window created
22-05-2021 20:23:23 :                GLFW: Setting glfwSpawInterval to 1 (vsync)
22-05-2021 20:23:23 :                Game: Initialising vertex positions
22-05-2021 20:23:23 :                Game: Initialising vertex indices
22-05-2021 20:23:23 :                GL: Successfully created VAO
22-05-2021 20:23:23 :                GL: Successfully binded vertex buffers for first time
22-05-2021 20:23:23 :                GL: Successfully binded index buffers for first time
22-05-2021 20:23:23 :                Game: Parsing shader    File: res/shaders/Basic.shader
22-05-2021 20:23:23 :                SHADER PARSING:    #shader found, verifying type
22-05-2021 20:23:23 :                SHADER PARSING:    Shader type: Vertex shader
22-05-2021 20:23:23 :                SHADER PARSING:    #shader found, verifying type
22-05-2021 20:23:23 :                SHADER PARSING:    #shader found, verifying type
22-05-2021 20:23:23 :                SHADER PARSING:    Shader type: Fragment shader
22-05-2021 20:23:23 :                Game: Vertex Shader:

/****************VERTEX****************/
#version 330 core

layout(location = 0) in vec4 position;

void main()
{
	gl_Position = position;
};



22-05-2021 20:23:23 :                Game: Fragment Shader:
/****************FRAGMENT****************/
#version 330 core

layout(location = 0) out vec4 color;

uniform vec4 u_Color;

void main()
{
	color = u_Color;
};


22-05-2021 20:23:23 :                GL: Shaders created successfully
22-05-2021 20:23:23 :                GL: Successfully binded shaders
22-05-2021 20:23:23 :                GL: Accessed uniform variable u_Color
22-05-2021 20:23:23 :                GL: Successfully unbound VAO
22-05-2021 20:23:23 :                GL: Successfully unbound shader
22-05-2021 20:23:23 :                GL: Successfully unbound array buffer
22-05-2021 20:23:23 :                GL: Successfully unbound element array buffer
22-05-2021 20:23:23 :                Game: Entering main game loop
22-05-2021 20:23:25 :                GL: Shader program deleted
22-05-2021 20:23:25 :                GL: GLFW window terminated
22-05-2021 20:23:25 :                Game: Average FPS this play time: 4289408.142857
22-05-2021 20:23:25 :                Terminating program
